<?xml version="1.0" encoding="UTF-8" ?>
<testsuite errors="0" failures="0" hostname="urisyasbrain" name="RationalTest" skipped="0" tests="7" time="0.062" timestamp="2022-09-16T18:57:37">
  <properties>
[...]
</properties>
  <testcase classname="RationalTest" name="testComparedTo" time="0.007" />
  <testcase classname="RationalTest" name="testAdd" time="0.001" />
  <testcase classname="RationalTest" name="testSubtract" time="0.001" />
  <testcase classname="RationalTest" name="testToString" time="0.017" />
  <testcase classname="RationalTest" name="testDivide" time="0.0" />
  <testcase classname="RationalTest" name="testEquals" time="0.0" />
  <testcase classname="RationalTest" name="testMultiply" time="0.001" />
  <system-out><![CDATA[]]></system-out>
  <system-err><![CDATA[]]></system-err>
</testsuite>
